Converting images
Compiling gui/src/main_screen/mainView.cpp
Compiling gui/src/main_screen/mainPresenter.cpp
Compiling generated/gui_generated/src/main_screen/mainViewBase.cpp
Compiling generated/gui_generated/src/common/FrontendApplicationBase.cpp
Compiling simulator/main.cpp
Linking build/bin/simulator.exe
build/MINGW32_NT-6.2/gui/src/model/Model.o: In function `ZN5Model7getSec_Ev':
C:\Users\Asus\Desktop\TidTid02\TouchGFX/gui/src/model/Model.cpp:27: undefined reference to `sec'
build/MINGW32_NT-6.2/gui/src/model/Model.o: In function `ZN5Model7getMin_Ev':
C:\Users\Asus\Desktop\TidTid02\TouchGFX/gui/src/model/Model.cpp:31: undefined reference to `min'
build/MINGW32_NT-6.2/gui/src/model/Model.o: In function `ZN5Model8getHour_Ev':
C:\Users\Asus\Desktop\TidTid02\TouchGFX/gui/src/model/Model.cpp:34: undefined reference to `hour'
build/MINGW32_NT-6.2/gui/src/model/Model.o: In function `ZN5Model7getDay_Ev':
C:\Users\Asus\Desktop\TidTid02\TouchGFX/gui/src/model/Model.cpp:37: undefined reference to `day'
build/MINGW32_NT-6.2/gui/src/model/Model.o: In function `ZN5Model8getDate_Ev':
C:\Users\Asus\Desktop\TidTid02\TouchGFX/gui/src/model/Model.cpp:40: undefined reference to `date'
build/MINGW32_NT-6.2/gui/src/model/Model.o: In function `ZN5Model9getMonth_Ev':
C:\Users\Asus\Desktop\TidTid02\TouchGFX/gui/src/model/Model.cpp:43: undefined reference to `month'
build/MINGW32_NT-6.2/gui/src/model/Model.o: In function `ZN5Model8getYear_Ev':
C:\Users\Asus\Desktop\TidTid02\TouchGFX/gui/src/model/Model.cpp:46: undefined reference to `year4'
build/MINGW32_NT-6.2/gui/src/model/Model.o: In function `ZN5Model8getTemp_Ev':
C:\Users\Asus\Desktop\TidTid02\TouchGFX/gui/src/model/Model.cpp:49: undefined reference to `t'
collect2.exe: error: ld returned 1 exit status
simulator/gcc/Makefile:186: recipe for target 'build/bin/simulator.exe' failed
make[2]: *** [build/bin/simulator.exe] Error 1
simulator/gcc/Makefile:182: recipe for target 'generate_assets' failed
make[1]: *** [generate_assets] Error 2
simulator/gcc/Makefile:40: recipe for target 'all' failed
make: *** [all] Error 2
